[32mInstall Zlib[m[119G[[32mDone[m]

[32mInstall Fuse[m[119G[[32mDone[m]

[32mInstall MFS[m[119G[[32mDone[m]

[32mInstall Zlib[m[119G[[32mDone[m]

[32mInstall Fuse[m[119G[[32mDone[m]

[32mInstall MFS[m[119G[[32mDone[m]

[32mInstall Zlib[m[119G[[32mDone[m]

[32mInstall Fuse[m[119G[[32mDone[m]

[32mInstall MFS[m[119G[[32mDone[m]

[32mInstall Zlib[m[119G[[32mDone[m]

[32mInstall Fuse[m[119G[[32mDone[m]

[32mInstall MFS[m[119G[[32mDone[m]

[32mInstall Zlib[m[119G[[32mDone[m]

[32mInstall Fuse[m[119G[[32mDone[m]

[32mInstall MFS[m[119G[[32mDone[m]

[32mInstall Zlib[m[119G[[32mDone[m]

[32mInstall Fuse[m[119G[[32mDone[m]

[32mInstall MFS[m[119G[[32mDone[m]

[32mInstall Zlib[m[119G[[32mDone[m]

[32mInstall Fuse[m[119G[[32mDone[m]

[32mInstall MFS[m[119G[[32mDone[m]

[32mInstall Zlib[m[119G[[32mDone[m]

[32mInstall Fuse[m[119G[[32mDone[m]

[32mInstall MFS[m[119G[[32mDone[m]

[32mInstall Zlib[m[119G[[32mDone[m]

[32mInstall Fuse[m[119G[[32mDone[m]

[32mInstall Util NG[m[32mInstall Zlib[m[119G[[32mDone[m]

[32mInstall Fuse[m[119G[[32mDone[m]

[32mInstall Util NG[m[32mInstall MFS[m[119G[[32mDone[m]

[32mInstall Zlib[m[119G[[32mDone[m]

[32mInstall Fuse[m[119G[[32mDone[m]

[32mInstall Util NG[m[119G[[32mDone[m]

[32mInstall MFS[m[119G[[32mDone[m]

[32mInstall Zlib[m[119G[[32mDone[m]

[32mInstall Fuse[m[119G[[32mDone[m]

[32mInstall UNG[m[119G[[32mDone[m]

[32mInstall MFS[m[119G[[32mDone[m]

[32mInstall Zlib[m[119G[[32mDone[m]

[32mInstall Fuse[m[119G[[32mDone[m]

[32mInstall UNG[m[119G[[32mDone[m]

[32mInstall MFS[m[119G[[32mDone[m]

[32mInstall Zlib[m[119G[[32mDone[m]

[32mInstall Fuse[m[119G[[32mDone[m]

[32mInstall UNG[m[119G[[32mDone[m]

[32mInstall MFS[m[119G[[32mDone[m]

[32mInstall Zlib[m[119G[[32mDone[m]

[32mInstall Fuse[m[119G[[32mDone[m]

[32mInstall UNG[m[119G[[32mDone[m]

[32mInstall MFS[m[119G[[32mDone[m]

[32mInstall Zlib[m[119G[[32mDone[m]

[32mInstall Fuse[m[119G[[32mDone[m]

[32mInstall UNG[m[119G[[32mDone[m]

[32mInstall MFS[m[119G[[32mDone[m]

